<?xml version="1.0" encoding="UTF-8"?>
<!-- Generated by org.testng.reporters.JUnitReportReporter -->
<testsuite skipped="0" hostname="DESKTOP-FHQMB3F" name="Miko.SeleniumFramework.MainTest" tests="1" failures="0" timestamp="11 Aug 2020 20:45:48 GMT" time="142.176" errors="0">
  <testcase name="wholeTest" time="142.176" classname="Miko.SeleniumFramework.MainTest"/>
</testsuite> <!-- Miko.SeleniumFramework.MainTest -->
