<?xml version="1.0" encoding="UTF-8"?>
<!-- Generated by org.testng.reporters.JUnitReportReporter -->
<testsuite hostname="DESKTOP-03FLRL4" failures="0" tests="1" name="Miko.SeleniumFramework.MainTest" time="170.266" errors="0" timestamp="2020-08-13T22:51:43 PST" skipped="0">
  <testcase classname="Miko.SeleniumFramework.MainTest" name="wholeTest" time="170.266"/>
  <system-out/>
</testsuite> <!-- Miko.SeleniumFramework.MainTest -->
