<?xml version="1.0" encoding="UTF-8"?>
<!-- Generated by org.testng.reporters.JUnitReportReporter -->
<testsuite skipped="0" hostname="DESKTOP-FHQMB3F" name="Miko.SeleniumFramework.MainTest" tests="1" failures="0" timestamp="10 Aug 2020 20:11:58 GMT" time="127.688" errors="0">
  <testcase name="wholeTest" time="127.688" classname="Miko.SeleniumFramework.MainTest"/>
</testsuite> <!-- Miko.SeleniumFramework.MainTest -->
