<?xml version="1.0" encoding="UTF-8"?>
<!-- Generated by org.testng.reporters.JUnitReportReporter -->
<testsuite hostname="DESKTOP-03FLRL4" failures="0" tests="1" name="Miko.SeleniumFramework.MainTest" time="35.474" errors="0" timestamp="2020-08-12T21:16:15 PST" skipped="0">
  <testcase classname="Miko.SeleniumFramework.MainTest" name="wholeTest" time="35.474"/>
  <system-out/>
</testsuite> <!-- Miko.SeleniumFramework.MainTest -->
