<?xml version="1.0" encoding="UTF-8"?>
<!-- Generated by org.testng.reporters.JUnitReportReporter -->
<testsuite hostname="DESKTOP-03FLRL4" failures="0" tests="1" name="Miko.SeleniumFramework.MainTest" time="257.031" errors="0" timestamp="2020-08-14T02:40:20 PST" skipped="0">
  <testcase classname="Miko.SeleniumFramework.MainTest" name="wholeTest" time="257.031"/>
  <system-out/>
</testsuite> <!-- Miko.SeleniumFramework.MainTest -->
