<?xml version="1.0" encoding="UTF-8"?>
<!-- Generated by org.testng.reporters.JUnitReportReporter -->
<testsuite skipped="0" hostname="DESKTOP-FHQMB3F" name="Miko.SeleniumFramework.MainTest" tests="1" failures="0" timestamp="07 Aug 2020 20:27:44 GMT" time="103.844" errors="0">
  <testcase name="wholeTest" time="103.844" classname="Miko.SeleniumFramework.MainTest"/>
</testsuite> <!-- Miko.SeleniumFramework.MainTest -->
