<?xml version="1.0" encoding="UTF-8"?>
<!-- Generated by org.testng.reporters.JUnitReportReporter -->
<testsuite hostname="DESKTOP-03FLRL4" failures="0" tests="1" name="Miko.SeleniumFramework.MainTest" time="108.104" errors="0" timestamp="2020-08-18T01:52:51 PST" skipped="0">
  <testcase classname="Miko.SeleniumFramework.MainTest" name="wholeTest" time="108.104"/>
  <system-out/>
</testsuite> <!-- Miko.SeleniumFramework.MainTest -->
